#-----------------------------------------------------------
# Vivado v2020.2 (64-bit)
# SW Build 3064766 on Wed Nov 18 09:12:45 MST 2020
# IP Build 3064653 on Wed Nov 18 14:17:31 MST 2020
# Start of session at: Tue May  4 20:09:29 2021
# Process ID: 12640
# Current directory: E:/VUT/4 Semester/DE1/Project1
# Command line: vivado.exe -gui_launcher_event rodinguilauncherevent14792 E:\VUT\4 Semester\DE1\Project1\Project1.xpr
# Log file: E:/VUT/4 Semester/DE1/Project1/vivado.log
# Journal file: E:/VUT/4 Semester/DE1/Project1\vivado.jou
#-----------------------------------------------------------
start_gui
open_project {E:/VUT/4 Semester/DE1/Project1/Project1.xpr}
WARNING: [filemgmt 56-3] Default IP Output Path : Could not find the directory 'E:/VUT/4 Semester/DE1/Project1/Project1.gen/sources_1'.
Scanning sources...
Finished scanning sources
INFO: [IP_Flow 19-234] Refreshing IP repositories
INFO: [IP_Flow 19-1704] No user IP repositories specified
INFO: [IP_Flow 19-2313] Loaded Vivado IP repository 'E:/VUT/Vivado/2020.2/data/ip'.
update_compile_order -fileset sources_1
file mkdir E:/VUT/4 Semester/DE1/Project1/Project1.srcs/constrs_1
file mkdir E:/VUT/4 Semester/DE1/Project1/Project1.srcs/constrs_1
file mkdir E:/VUT/4 Semester/DE1/Project1/Project1.srcs/constrs_1/new
file mkdir E:/VUT/4 Semester/DE1/Project1/Project1.srcs/constrs_1/new
file mkdir E:/VUT/4 Semester/DE1/Project1/Project1.srcs/constrs_1/new
file mkdir E:/VUT/4 Semester/DE1/Project1/Project1.srcs/constrs_1/new
file mkdir E:/VUT/4 Semester/DE1/Project1/Project1.srcs/constrs_1
file mkdir {E:/VUT/4 Semester/DE1/Project1/Project1.srcs/constrs_1/new}
close [ open {E:/VUT/4 Semester/DE1/Project1/Project1.srcs/constrs_1/new/Arty A7.xdc} w ]
add_files -fileset constrs_1 {{E:/VUT/4 Semester/DE1/Project1/Project1.srcs/constrs_1/new/Arty A7.xdc}}
launch_runs impl_1 -to_step write_bitstream -jobs 8
[Tue May  4 20:18:58 2021] Launched synth_1...
Run output will be captured here: E:/VUT/4 Semester/DE1/Project1/Project1.runs/synth_1/runme.log
[Tue May  4 20:18:58 2021] Launched impl_1...
Run output will be captured here: E:/VUT/4 Semester/DE1/Project1/Project1.runs/impl_1/runme.log
exit
INFO: [Common 17-206] Exiting Vivado at Tue May  4 20:21:30 2021...
