#-----------------------------------------------------------
# Vivado v2020.2 (64-bit)
# SW Build 3064766 on Wed Nov 18 09:12:45 MST 2020
# IP Build 3064653 on Wed Nov 18 14:17:31 MST 2020
# Start of session at: Tue May  4 13:55:20 2021
# Process ID: 6480
# Current directory: E:/VUT/4 Semester/DE1/Project1
# Command line: vivado.exe -gui_launcher_event rodinguilauncherevent5276 E:\VUT\4 Semester\DE1\Project1\Project1.xpr
# Log file: E:/VUT/4 Semester/DE1/Project1/vivado.log
# Journal file: E:/VUT/4 Semester/DE1/Project1\vivado.jou
#-----------------------------------------------------------
start_gui
open_project {E:/VUT/4 Semester/DE1/Project1/Project1.xpr}
WARNING: [filemgmt 56-3] Default IP Output Path : Could not find the directory 'E:/VUT/4 Semester/DE1/Project1/Project1.gen/sources_1'.
Scanning sources...
Finished scanning sources
INFO: [IP_Flow 19-234] Refreshing IP repositories
INFO: [IP_Flow 19-1704] No user IP repositories specified
INFO: [IP_Flow 19-2313] Loaded Vivado IP repository 'E:/VUT/Vivado/2020.2/data/ip'.
update_compile_order -fileset sources_1
update_compile_order -fileset sim_1
update_compile_order -fileset sources_1
update_compile_order -fileset sim_1
launch_simulation
Command: launch_simulation 
INFO: [Vivado 12-5682] Launching behavioral simulation in 'E:/VUT/4 Semester/DE1/Project1/Project1.sim/sim_1/behav/xsim'
INFO: [SIM-utils-51] Simulation object is 'sim_1'
INFO: [SIM-utils-54] Inspecting design source files for 'hall_sensor' in fileset 'sim_1'...
INFO: [USF-XSim-97] Finding global include files...
INFO: [USF-XSim-98] Fetching design files from 'sim_1'...
INFO: [USF-XSim-2] XSim::Compile design
INFO: [USF-XSim-61] Executing 'COMPILE and ANALYZE' step in 'E:/VUT/4 Semester/DE1/Project1/Project1.sim/sim_1/behav/xsim'
"xvhdl --incr --relax -prj hall_sensor_vhdl.prj"
INFO: [VRFC 10-163] Analyzing VHDL file "E:/VUT/4 Semester/DE1/Project1/Project1.srcs/sources_1/new/controller.vhd" into library xil_defaultlib
INFO: [VRFC 10-3107] analyzing entity 'timer_enable'
INFO: [VRFC 10-163] Analyzing VHDL file "E:/VUT/4 Semester/DE1/Project1/Project1.srcs/sources_1/new/timer_enable.vhd" into library xil_defaultlib
INFO: [VRFC 10-3107] analyzing entity 'timer_enable'
WARNING: [VRFC 10-3607] overwriting existing primary unit 'timer_enable' [E:/VUT/4 Semester/DE1/Project1/Project1.srcs/sources_1/new/timer_enable.vhd:34]
INFO: [VRFC 10-163] Analyzing VHDL file "E:/VUT/4 Semester/DE1/Project1/Project1.srcs/sources_1/new/hall_sensor.vhd" into library xil_defaultlib
INFO: [VRFC 10-3107] analyzing entity 'hall_sensor'
INFO: [USF-XSim-69] 'compile' step finished in '1' seconds
INFO: [USF-XSim-3] XSim::Elaborate design
INFO: [USF-XSim-61] Executing 'ELABORATE' step in 'E:/VUT/4 Semester/DE1/Project1/Project1.sim/sim_1/behav/xsim'
"xelab -wto 6e9821bcef2a4b76bbb657edf77520af --incr --debug typical --relax --mt 2 -L xil_defaultlib -L secureip --snapshot hall_sensor_behav xil_defaultlib.hall_sensor -log elaborate.log"
Vivado Simulator 2020.2
Copyright 1986-1999, 2001-2020 Xilinx, Inc. All Rights Reserved.
Running: E:/VUT/Vivado/2020.2/bin/unwrapped/win64.o/xelab.exe -wto 6e9821bcef2a4b76bbb657edf77520af --incr --debug typical --relax --mt 2 -L xil_defaultlib -L secureip --snapshot hall_sensor_behav xil_defaultlib.hall_sensor -log elaborate.log 
Using 2 slave threads.
Starting static elaboration
Completed static elaboration
Starting simulation data flow analysis
Completed simulation data flow analysis
Time Resolution for simulation is 1ps
Compiling package std.standard
Compiling package std.textio
Compiling package ieee.std_logic_1164
Compiling package ieee.numeric_std
Compiling architecture behavioral of entity xil_defaultlib.timer_enable [timer_enable_default]
Compiling architecture behavioral of entity xil_defaultlib.hall_sensor
Built simulation snapshot hall_sensor_behav

****** Webtalk v2020.2 (64-bit)
  **** SW Build 3064766 on Wed Nov 18 09:12:45 MST 2020
  **** IP Build 3064653 on Wed Nov 18 14:17:31 MST 2020
    ** Copyright 1986-2020 Xilinx, Inc. All Rights Reserved.

source E:/VUT/4 -notrace
couldn't read file "E:/VUT/4": permission denied
INFO: [Common 17-206] Exiting Webtalk at Tue May  4 13:59:39 2021...
INFO: [USF-XSim-69] 'elaborate' step finished in '4' seconds
INFO: [USF-XSim-4] XSim::Simulate design
INFO: [USF-XSim-61] Executing 'SIMULATE' step in 'E:/VUT/4 Semester/DE1/Project1/Project1.sim/sim_1/behav/xsim'
INFO: [USF-XSim-98] *** Running xsim
   with args "hall_sensor_behav -key {Behavioral:sim_1:Functional:hall_sensor} -tclbatch {hall_sensor.tcl} -log {simulate.log}"
INFO: [USF-XSim-8] Loading simulator feature
Vivado Simulator 2020.2
Time resolution is 1 ps
source hall_sensor.tcl
# set curr_wave [current_wave_config]
# if { [string length $curr_wave] == 0 } {
#   if { [llength [get_objects]] > 0} {
#     add_wave /
#     set_property needs_save false [current_wave_config]
#   } else {
#      send_msg_id Add_Wave-1 WARNING "No top level signals found. Simulator will start without a wave window. If you want to open a wave window go to 'File->New Waveform Configuration' or type 'create_wave_config' in the TCL console."
#   }
# }
# run 1000ns
INFO: [USF-XSim-96] XSim completed. Design snapshot 'hall_sensor_behav' loaded.
INFO: [USF-XSim-97] XSim simulation ran for 1000ns
launch_simulation: Time (s): cpu = 00:00:07 ; elapsed = 00:00:08 . Memory (MB): peak = 1014.656 ; gain = 0.000
close_sim
INFO: [Common 17-41] Interrupt caught. Command should exit soon.
